mode: set
pusher/defi_aggregator/running-results-table/internal/db/backend_data_structures.go:23.75,28.58 2 1
pusher/defi_aggregator/running-results-table/internal/db/backend_data_structures.go:35.2,35.45 1 1
pusher/defi_aggregator/running-results-table/internal/db/backend_data_structures.go:38.2,39.27 2 1
pusher/defi_aggregator/running-results-table/internal/db/backend_data_structures.go:28.58,32.3 1 0
pusher/defi_aggregator/running-results-table/internal/db/backend_data_structures.go:35.45,37.3 1 1
pusher/defi_aggregator/running-results-table/internal/db/backend_data_structures.go:43.77,45.2 1 1
pusher/defi_aggregator/running-results-table/internal/db/backend_data_structures.go:47.110,51.46 2 1
pusher/defi_aggregator/running-results-table/internal/db/backend_data_structures.go:59.2,60.23 2 1
pusher/defi_aggregator/running-results-table/internal/db/backend_data_structures.go:51.46,57.3 3 1
pusher/defi_aggregator/running-results-table/internal/db/backend_data_structures.go:64.57,72.2 5 1
pusher/defi_aggregator/running-results-table/internal/db/backend_data_structures.go:91.47,101.2 9 1
pusher/defi_aggregator/running-results-table/internal/db/backend_data_structures.go:103.158,115.2 9 1
pusher/defi_aggregator/running-results-table/internal/db/backend_data_structures.go:132.21,141.2 6 1
pusher/defi_aggregator/running-results-table/internal/db/backend_data_structures.go:144.59,146.2 1 1
pusher/defi_aggregator/running-results-table/internal/db/backend_data_structures.go:148.59,150.2 1 1
pusher/defi_aggregator/running-results-table/internal/db/backend_data_structures.go:153.78,155.2 1 1
pusher/defi_aggregator/running-results-table/internal/db/backend_data_structures.go:157.70,159.2 1 0
pusher/defi_aggregator/running-results-table/internal/db/getalldata.go:15.46,70.2 10 1
pusher/defi_aggregator/running-results-table/internal/db/getbalancerdata.go:12.77,67.95 15 1
pusher/defi_aggregator/running-results-table/internal/db/getbalancerdata.go:72.2,72.55 1 1
pusher/defi_aggregator/running-results-table/internal/db/getbalancerdata.go:67.95,69.3 1 0
pusher/defi_aggregator/running-results-table/internal/db/getbalancerdata.go:72.55,73.52 1 1
pusher/defi_aggregator/running-results-table/internal/db/getbalancerdata.go:73.52,77.54 3 1
pusher/defi_aggregator/running-results-table/internal/db/getbalancerdata.go:77.54,85.64 4 1
pusher/defi_aggregator/running-results-table/internal/db/getbalancerdata.go:89.5,89.64 1 1
pusher/defi_aggregator/running-results-table/internal/db/getbalancerdata.go:94.5,94.42 1 1
pusher/defi_aggregator/running-results-table/internal/db/getbalancerdata.go:126.5,128.91 2 1
pusher/defi_aggregator/running-results-table/internal/db/getbalancerdata.go:132.5,144.58 9 1
pusher/defi_aggregator/running-results-table/internal/db/getbalancerdata.go:157.5,157.29 1 1
pusher/defi_aggregator/running-results-table/internal/db/getbalancerdata.go:85.64,88.6 2 1
pusher/defi_aggregator/running-results-table/internal/db/getbalancerdata.go:89.64,92.6 2 1
pusher/defi_aggregator/running-results-table/internal/db/getbalancerdata.go:94.42,96.82 1 1
pusher/defi_aggregator/running-results-table/internal/db/getbalancerdata.go:96.82,99.131 2 1
pusher/defi_aggregator/running-results-table/internal/db/getbalancerdata.go:103.7,103.51 1 1
pusher/defi_aggregator/running-results-table/internal/db/getbalancerdata.go:99.131,101.8 1 0
pusher/defi_aggregator/running-results-table/internal/db/getbalancerdata.go:103.51,109.117 4 1
pusher/defi_aggregator/running-results-table/internal/db/getbalancerdata.go:113.8,117.52 3 1
pusher/defi_aggregator/running-results-table/internal/db/getbalancerdata.go:109.117,111.9 1 0
pusher/defi_aggregator/running-results-table/internal/db/getbalancerdata.go:117.52,120.9 1 1
pusher/defi_aggregator/running-results-table/internal/db/getbalancerdata.go:128.91,130.6 1 0
pusher/defi_aggregator/running-results-table/internal/db/getbalancerdata.go:144.58,146.129 1 1
pusher/defi_aggregator/running-results-table/internal/db/getbalancerdata.go:146.129,153.7 6 1
pusher/defi_aggregator/running-results-table/internal/db/getbalancerdata.go:157.29,159.6 1 1
pusher/defi_aggregator/running-results-table/internal/db/portfolio_optimisation.go:5.71,10.31 2 1
pusher/defi_aggregator/running-results-table/internal/db/portfolio_optimisation.go:15.2,15.58 1 1
pusher/defi_aggregator/running-results-table/internal/db/portfolio_optimisation.go:28.2,28.40 1 1
pusher/defi_aggregator/running-results-table/internal/db/portfolio_optimisation.go:10.31,12.3 1 1
pusher/defi_aggregator/running-results-table/internal/db/portfolio_optimisation.go:15.58,16.100 1 0
pusher/defi_aggregator/running-results-table/internal/db/portfolio_optimisation.go:16.100,18.4 1 0
pusher/defi_aggregator/running-results-table/internal/db/ROI_Volatility.go:9.80,15.23 4 1
pusher/defi_aggregator/running-results-table/internal/db/ROI_Volatility.go:22.2,36.39 7 1
pusher/defi_aggregator/running-results-table/internal/db/ROI_Volatility.go:51.2,57.39 5 1
pusher/defi_aggregator/running-results-table/internal/db/ROI_Volatility.go:63.2,66.46 3 1
pusher/defi_aggregator/running-results-table/internal/db/ROI_Volatility.go:71.2,73.55 3 1
pusher/defi_aggregator/running-results-table/internal/db/ROI_Volatility.go:78.2,82.22 3 1
pusher/defi_aggregator/running-results-table/internal/db/ROI_Volatility.go:86.2,89.33 3 1
pusher/defi_aggregator/running-results-table/internal/db/ROI_Volatility.go:92.2,92.30 1 1
pusher/defi_aggregator/running-results-table/internal/db/ROI_Volatility.go:96.2,96.21 1 1
pusher/defi_aggregator/running-results-table/internal/db/ROI_Volatility.go:15.23,20.3 4 0
pusher/defi_aggregator/running-results-table/internal/db/ROI_Volatility.go:36.39,37.39 1 1
pusher/defi_aggregator/running-results-table/internal/db/ROI_Volatility.go:37.39,45.4 2 1
pusher/defi_aggregator/running-results-table/internal/db/ROI_Volatility.go:57.39,58.39 1 1
pusher/defi_aggregator/running-results-table/internal/db/ROI_Volatility.go:58.39,60.4 1 1
pusher/defi_aggregator/running-results-table/internal/db/ROI_Volatility.go:66.46,69.3 1 1
pusher/defi_aggregator/running-results-table/internal/db/ROI_Volatility.go:73.55,76.3 1 1
pusher/defi_aggregator/running-results-table/internal/db/ROI_Volatility.go:82.22,84.3 1 0
pusher/defi_aggregator/running-results-table/internal/db/ROI_Volatility.go:89.33,91.3 1 0
pusher/defi_aggregator/running-results-table/internal/db/ROI_Volatility.go:92.30,94.3 1 0
pusher/defi_aggregator/running-results-table/internal/db/ROI_Volatility.go:99.112,104.20 3 1
pusher/defi_aggregator/running-results-table/internal/db/ROI_Volatility.go:107.2,107.21 1 1
pusher/defi_aggregator/running-results-table/internal/db/ROI_Volatility.go:111.2,111.33 1 1
pusher/defi_aggregator/running-results-table/internal/db/ROI_Volatility.go:114.2,114.30 1 1
pusher/defi_aggregator/running-results-table/internal/db/ROI_Volatility.go:118.2,118.21 1 1
pusher/defi_aggregator/running-results-table/internal/db/ROI_Volatility.go:104.20,106.3 1 1
pusher/defi_aggregator/running-results-table/internal/db/ROI_Volatility.go:107.21,109.3 1 1
pusher/defi_aggregator/running-results-table/internal/db/ROI_Volatility.go:111.33,113.3 1 0
pusher/defi_aggregator/running-results-table/internal/db/ROI_Volatility.go:114.30,116.3 1 0
pusher/defi_aggregator/running-results-table/internal/db/ROI_Volatility.go:121.73,123.60 1 1
pusher/defi_aggregator/running-results-table/internal/db/ROI_Volatility.go:134.2,134.14 1 1
pusher/defi_aggregator/running-results-table/internal/db/ROI_Volatility.go:123.60,124.57 1 1
pusher/defi_aggregator/running-results-table/internal/db/ROI_Volatility.go:124.57,132.4 1 1
pusher/defi_aggregator/running-results-table/internal/db/ROI_Volatility.go:137.113,151.60 9 1
pusher/defi_aggregator/running-results-table/internal/db/ROI_Volatility.go:159.2,162.60 3 1
pusher/defi_aggregator/running-results-table/internal/db/ROI_Volatility.go:174.2,174.60 1 1
pusher/defi_aggregator/running-results-table/internal/db/ROI_Volatility.go:186.2,186.44 1 1
pusher/defi_aggregator/running-results-table/internal/db/ROI_Volatility.go:191.2,204.48 6 1
pusher/defi_aggregator/running-results-table/internal/db/ROI_Volatility.go:212.2,217.18 5 1
pusher/defi_aggregator/running-results-table/internal/db/ROI_Volatility.go:151.60,157.3 5 1
pusher/defi_aggregator/running-results-table/internal/db/ROI_Volatility.go:162.60,163.58 1 1
pusher/defi_aggregator/running-results-table/internal/db/ROI_Volatility.go:163.58,170.9 7 1
pusher/defi_aggregator/running-results-table/internal/db/ROI_Volatility.go:174.60,175.58 1 1
pusher/defi_aggregator/running-results-table/internal/db/ROI_Volatility.go:175.58,182.9 7 1
pusher/defi_aggregator/running-results-table/internal/db/ROI_Volatility.go:186.44,189.3 2 0
pusher/defi_aggregator/running-results-table/internal/db/ROI_Volatility.go:204.48,210.3 3 1
pusher/defi_aggregator/running-results-table/internal/db/ROI_Volatility.go:221.64,222.20 1 1
pusher/defi_aggregator/running-results-table/internal/db/ROI_Volatility.go:225.2,225.21 1 1
pusher/defi_aggregator/running-results-table/internal/db/ROI_Volatility.go:229.2,229.39 1 1
pusher/defi_aggregator/running-results-table/internal/db/ROI_Volatility.go:233.2,233.11 1 1
pusher/defi_aggregator/running-results-table/internal/db/ROI_Volatility.go:222.20,224.3 1 1
pusher/defi_aggregator/running-results-table/internal/db/ROI_Volatility.go:225.21,228.3 1 1
pusher/defi_aggregator/running-results-table/internal/db/ROI_Volatility.go:229.39,232.3 1 1
pusher/defi_aggregator/running-results-table/internal/db/ROI_Volatility.go:237.41,238.16 1 1
pusher/defi_aggregator/running-results-table/internal/db/ROI_Volatility.go:241.2,241.10 1 1
pusher/defi_aggregator/running-results-table/internal/db/ROI_Volatility.go:238.16,240.3 1 1
pusher/defi_aggregator/running-results-table/internal/db/ROI_Volatility.go:245.50,246.25 1 1
pusher/defi_aggregator/running-results-table/internal/db/ROI_Volatility.go:251.2,251.14 1 1
pusher/defi_aggregator/running-results-table/internal/db/ROI_Volatility.go:246.25,247.13 1 1
pusher/defi_aggregator/running-results-table/internal/db/ROI_Volatility.go:247.13,249.4 1 1
pusher/defi_aggregator/running-results-table/internal/db/ROI_Volatility.go:255.60,265.82 8 1
pusher/defi_aggregator/running-results-table/internal/db/ROI_Volatility.go:269.2,269.82 1 1
pusher/defi_aggregator/running-results-table/internal/db/ROI_Volatility.go:273.2,273.18 1 1
pusher/defi_aggregator/running-results-table/internal/db/ROI_Volatility.go:276.2,276.14 1 1
pusher/defi_aggregator/running-results-table/internal/db/ROI_Volatility.go:265.82,267.3 1 1
pusher/defi_aggregator/running-results-table/internal/db/ROI_Volatility.go:269.82,271.3 1 1
pusher/defi_aggregator/running-results-table/internal/db/ROI_Volatility.go:273.18,275.3 1 1
pusher/defi_aggregator/running-results-table/internal/db/ROI_Volatility.go:281.48,283.61 1 0
pusher/defi_aggregator/running-results-table/internal/db/ROI_Volatility.go:283.61,285.3 1 0
pusher/defi_aggregator/running-results-table/internal/db/getaavedata.go:37.72,61.64 7 1
pusher/defi_aggregator/running-results-table/internal/db/getaavedata.go:65.2,72.68 7 1
pusher/defi_aggregator/running-results-table/internal/db/getaavedata.go:61.64,63.3 1 0
pusher/defi_aggregator/running-results-table/internal/db/getaavedata.go:76.32,96.83 6 1
pusher/defi_aggregator/running-results-table/internal/db/getaavedata.go:100.2,100.42 1 1
pusher/defi_aggregator/running-results-table/internal/db/getaavedata.go:96.83,98.3 1 0
pusher/defi_aggregator/running-results-table/internal/db/getaavedata.go:105.52,109.44 2 1
pusher/defi_aggregator/running-results-table/internal/db/getaavedata.go:115.2,115.24 1 1
pusher/defi_aggregator/running-results-table/internal/db/getaavedata.go:109.44,113.3 1 1
pusher/defi_aggregator/running-results-table/internal/db/getaavedata.go:120.73,131.41 6 1
pusher/defi_aggregator/running-results-table/internal/db/getaavedata.go:179.2,181.141 3 1
pusher/defi_aggregator/running-results-table/internal/db/getaavedata.go:131.41,133.28 1 1
pusher/defi_aggregator/running-results-table/internal/db/getaavedata.go:133.28,137.54 3 1
pusher/defi_aggregator/running-results-table/internal/db/getaavedata.go:137.54,145.61 2 1
pusher/defi_aggregator/running-results-table/internal/db/getaavedata.go:145.61,148.130 2 0
pusher/defi_aggregator/running-results-table/internal/db/getaavedata.go:152.6,152.50 1 0
pusher/defi_aggregator/running-results-table/internal/db/getaavedata.go:148.130,150.7 1 0
pusher/defi_aggregator/running-results-table/internal/db/getaavedata.go:152.50,158.116 4 0
pusher/defi_aggregator/running-results-table/internal/db/getaavedata.go:162.7,166.51 3 0
pusher/defi_aggregator/running-results-table/internal/db/getaavedata.go:158.116,160.8 1 0
pusher/defi_aggregator/running-results-table/internal/db/getaavedata.go:166.51,169.8 1 0
pusher/defi_aggregator/running-results-table/internal/db/getuniswapdata.go:12.76,64.107 12 1
pusher/defi_aggregator/running-results-table/internal/db/getuniswapdata.go:69.2,69.54 1 1
pusher/defi_aggregator/running-results-table/internal/db/getuniswapdata.go:64.107,66.3 1 0
pusher/defi_aggregator/running-results-table/internal/db/getuniswapdata.go:69.54,74.53 3 1
pusher/defi_aggregator/running-results-table/internal/db/getuniswapdata.go:74.53,83.62 5 1
pusher/defi_aggregator/running-results-table/internal/db/getuniswapdata.go:88.4,88.62 1 1
pusher/defi_aggregator/running-results-table/internal/db/getuniswapdata.go:94.4,94.44 1 1
pusher/defi_aggregator/running-results-table/internal/db/getuniswapdata.go:118.4,120.102 2 1
pusher/defi_aggregator/running-results-table/internal/db/getuniswapdata.go:124.4,135.57 9 1
pusher/defi_aggregator/running-results-table/internal/db/getuniswapdata.go:148.4,148.28 1 1
pusher/defi_aggregator/running-results-table/internal/db/getuniswapdata.go:83.62,87.5 3 1
pusher/defi_aggregator/running-results-table/internal/db/getuniswapdata.go:88.62,92.5 3 1
pusher/defi_aggregator/running-results-table/internal/db/getuniswapdata.go:94.44,96.62 1 1
pusher/defi_aggregator/running-results-table/internal/db/getuniswapdata.go:96.62,105.115 6 1
pusher/defi_aggregator/running-results-table/internal/db/getuniswapdata.go:108.6,111.50 3 1
pusher/defi_aggregator/running-results-table/internal/db/getuniswapdata.go:105.115,107.7 1 0
pusher/defi_aggregator/running-results-table/internal/db/getuniswapdata.go:111.50,113.7 1 1
pusher/defi_aggregator/running-results-table/internal/db/getuniswapdata.go:120.102,122.5 1 0
pusher/defi_aggregator/running-results-table/internal/db/getuniswapdata.go:135.57,137.128 1 1
pusher/defi_aggregator/running-results-table/internal/db/getuniswapdata.go:137.128,144.6 6 1
pusher/defi_aggregator/running-results-table/internal/db/getuniswapdata.go:148.28,150.5 1 1
